#
# There is insufficient memory for the Java Runtime Environment to continue.
# Native memory allocation (malloc) failed to allocate 32784 bytes for Chunk::new
# Possible reasons:
#   The system is out of physical RAM or swap space
#   The process is running with CompressedOops enabled, and the Java Heap may be blocking the growth of the native heap
# Possible solutions:
#   Reduce memory load on the system
#   Increase physical memory or swap space
#   Check if swap backing store is full
#   Decrease Java heap size (-Xmx/-Xms)
#   Decrease number of Java threads
#   Decrease Java thread stack sizes (-Xss)
#   Set larger code cache with -XX:ReservedCodeCacheSize=
#   JVM is running with Unscaled Compressed Oops mode in which the Java heap is
#     placed in the first 4GB address space. The Java Heap base address is the
#     maximum limit for the native heap growth. Please use -XX:HeapBaseMinAddress
#     to set the Java Heap base and to place the Java Heap above 4GB virtual address.
# This output file may be truncated or incomplete.
#
#  Out of Memory Error (allocation.cpp:389), pid=3184, tid=0x0000000000000c18
#
# JRE version: Java(TM) SE Runtime Environment (8.0_202-b08) (build 1.8.0_202-b08)
# Java VM: Java HotSpot(TM) 64-Bit Server VM (25.202-b08 mixed mode windows-amd64 compressed oops)
# Failed to write core dump. Minidumps are not enabled by default on client versions of Windows
#

---------------  T H R E A D  ---------------

Current thread (0x0000000014d71800):  JavaThread "C2 CompilerThread1" daemon [_thread_in_native, id=3096, stack(0x00000000164b0000,0x00000000165b0000)]

Stack: [0x00000000164b0000,0x00000000165b0000]
[error occurred during error reporting (printing stack bounds), id 0xc0000005]

Native frames: (J=compiled Java code, j=interpreted, Vv=VM code, C=native code)


Current CompileTask:
C2:  22379 2434       4       org.apache.maven.repository.internal.ArtifactDescriptorReaderDelegate::convert (205 bytes)


---------------  P R O C E S S  ---------------

Java Threads: ( => current thread )
  0x00000000166d0800 JavaThread "Service Thread" daemon [_thread_blocked, id=6216, stack(0x0000000016ab0000,0x0000000016bb0000)]
  0x0000000014d79800 JavaThread "C1 CompilerThread2" daemon [_thread_blocked, id=3140, stack(0x00000000165b0000,0x00000000166b0000)]
=>0x0000000014d71800 JavaThread "C2 CompilerThread1" daemon [_thread_in_native, id=3096, stack(0x00000000164b0000,0x00000000165b0000)]
  0x0000000014d6e800 JavaThread "C2 CompilerThread0" daemon [_thread_blocked, id=7300, stack(0x00000000163b0000,0x00000000164b0000)]
  0x0000000014d6c000 JavaThread "Attach Listener" daemon [_thread_blocked, id=6412, stack(0x00000000162b0000,0x00000000163b0000)]
  0x0000000014d6b000 JavaThread "Signal Dispatcher" daemon [_thread_blocked, id=9096, stack(0x00000000161b0000,0x00000000162b0000)]
  0x0000000014d5a800 JavaThread "Finalizer" daemon [_thread_blocked, id=5828, stack(0x0000000015fd0000,0x00000000160d0000)]
  0x0000000002703000 JavaThread "Reference Handler" daemon [_thread_blocked, id=6152, stack(0x0000000015ed0000,0x0000000015fd0000)]
  0x0000000000d7e000 JavaThread "main" [_thread_in_native, id=7552, stack(0x00000000024b0000,0x00000000025b0000)]

Other Threads:
  0x0000000014d38000 VMThread [stack: 0x0000000015dd0000,0x0000000015ed0000] [id=7144]
  0x00000000166f6800 WatcherThread [stack: 0x0000000016bb0000,0x0000000016cb0000] [id=8368]

VM state:not at safepoint (normal execution)

VM Mutex/Monitor currently owned by a thread: None

heap address: 0x00000000c0c00000, size: 1012 MB, Compressed Oops mode: 32-bit
Narrow klass base: 0x0000000000000000, Narrow klass shift: 3
Compressed class space size: 1073741824 Address: 0x0000000100000000

Heap:
 PSYoungGen      total 38400K, used 35838K [0x00000000eaf00000, 0x00000000efe00000, 0x0000000100000000)
  eden space 31744K, 91% used [0x00000000eaf00000,0x00000000ecb83840,0x00000000ece00000)
  from space 6656K, 99% used [0x00000000ece00000,0x00000000ed47c010,0x00000000ed480000)
  to   space 8704K, 0% used [0x00000000ef580000,0x00000000ef580000,0x00000000efe00000)
 ParOldGen       total 44032K, used 9856K [0x00000000c0c00000, 0x00000000c3700000, 0x00000000eaf00000)
  object space 44032K, 22% used [0x00000000c0c00000,0x00000000c15a01f0,0x00000000c3700000)
 Metaspace       used 15248K, capacity 15470K, committed 15872K, reserved 1062912K
  class space    used 1842K, capacity 1941K, committed 2048K, reserved 1048576K

Card table byte_map: [0x0000000011ad0000,0x0000000011cd0000] byte_map_base: 0x00000000114ca000

Marking Bits: (ParMarkBitMap*) 0x0000000074e75ce0
 Begin Bits: [0x0000000012230000, 0x0000000013200000)
 End Bits:   [0x0000000013200000, 0x00000000141d0000)

Polling page: 0x0000000000ce0000

CodeCache: size=245760Kb used=8588Kb max_used=8589Kb free=237171Kb
 bounds [0x0000000002710000, 0x0000000002f90000, 0x0000000011710000]
 total_blobs=2813 nmethods=2453 adapters=271
 compilation: enabled

Compilation events (10 events):
Event: 21.200 Thread 0x0000000014d79800 2442   !   3       sun.nio.ch.NativeThreadSet::remove (50 bytes)
Event: 21.201 Thread 0x0000000014d79800 nmethod 2442 0x0000000002f661d0 code [0x0000000002f66340, 0x0000000002f66788]
Event: 21.201 Thread 0x0000000014d79800 2443       1       org.eclipse.aether.resolution.ArtifactResult::getRepository (5 bytes)
Event: 21.201 Thread 0x0000000014d79800 nmethod 2443 0x0000000002f68350 code [0x0000000002f684a0, 0x0000000002f685b0]
Event: 21.350 Thread 0x0000000014d79800 2444       3       org.apache.maven.model.profile.activation.PropertyProfileActivator::presentInConfig (29 bytes)
Event: 21.350 Thread 0x0000000014d79800 nmethod 2444 0x0000000002f65d10 code [0x0000000002f65e80, 0x0000000002f660d0]
Event: 21.350 Thread 0x0000000014d79800 2445       3       org.apache.maven.model.profile.activation.FileProfileActivator::presentInConfig (29 bytes)
Event: 21.351 Thread 0x0000000014d79800 nmethod 2445 0x0000000002f65850 code [0x0000000002f659c0, 0x0000000002f65c10]
Event: 21.351 Thread 0x0000000014d79800 2446       3       org.eclipse.aether.RequestTrace::newChild (10 bytes)
Event: 21.351 Thread 0x0000000014d79800 nmethod 2446 0x0000000002f65350 code [0x0000000002f654c0, 0x0000000002f65750]

GC Heap History (10 events):
Event: 2.213 GC heap before
{Heap before GC invocations=3 (full 0):
 PSYoungGen      total 18944K, used 18919K [0x00000000eaf00000, 0x00000000ec400000, 0x0000000100000000)
  eden space 16384K, 100% used [0x00000000eaf00000,0x00000000ebf00000,0x00000000ebf00000)
  from space 2560K, 99% used [0x00000000ec180000,0x00000000ec3f9e08,0x00000000ec400000)
  to   space 2560K, 0% used [0x00000000ebf00000,0x00000000ebf00000,0x00000000ec180000)
 ParOldGen       total 44032K, used 1252K [0x00000000c0c00000, 0x00000000c3700000, 0x00000000eaf00000)
  object space 44032K, 2% used [0x00000000c0c00000,0x00000000c0d39170,0x00000000c3700000)
 Metaspace       used 9625K, capacity 9748K, committed 9984K, reserved 1058816K
  class space    used 1177K, capacity 1245K, committed 1280K, reserved 1048576K
Event: 2.217 GC heap after
Heap after GC invocations=3 (full 0):
 PSYoungGen      total 18944K, used 2549K [0x00000000eaf00000, 0x00000000ec400000, 0x0000000100000000)
  eden space 16384K, 0% used [0x00000000eaf00000,0x00000000eaf00000,0x00000000ebf00000)
  from space 2560K, 99% used [0x00000000ebf00000,0x00000000ec17d428,0x00000000ec180000)
  to   space 2560K, 0% used [0x00000000ec180000,0x00000000ec180000,0x00000000ec400000)
 ParOldGen       total 44032K, used 2955K [0x00000000c0c00000, 0x00000000c3700000, 0x00000000eaf00000)
  object space 44032K, 6% used [0x00000000c0c00000,0x00000000c0ee2ea8,0x00000000c3700000)
 Metaspace       used 9625K, capacity 9748K, committed 9984K, reserved 1058816K
  class space    used 1177K, capacity 1245K, committed 1280K, reserved 1048576K
}
Event: 2.497 GC heap before
{Heap before GC invocations=4 (full 0):
 PSYoungGen      total 18944K, used 18933K [0x00000000eaf00000, 0x00000000ec400000, 0x0000000100000000)
  eden space 16384K, 100% used [0x00000000eaf00000,0x00000000ebf00000,0x00000000ebf00000)
  from space 2560K, 99% used [0x00000000ebf00000,0x00000000ec17d428,0x00000000ec180000)
  to   space 2560K, 0% used [0x00000000ec180000,0x00000000ec180000,0x00000000ec400000)
 ParOldGen       total 44032K, used 2955K [0x00000000c0c00000, 0x00000000c3700000, 0x00000000eaf00000)
  object space 44032K, 6% used [0x00000000c0c00000,0x00000000c0ee2ea8,0x00000000c3700000)
 Metaspace       used 11283K, capacity 11496K, committed 11776K, reserved 1058816K
  class space    used 1416K, capacity 1508K, committed 1536K, reserved 1048576K
Event: 2.504 GC heap after
Heap after GC invocations=4 (full 0):
 PSYoungGen      total 18944K, used 2544K [0x00000000eaf00000, 0x00000000ed400000, 0x0000000100000000)
  eden space 16384K, 0% used [0x00000000eaf00000,0x00000000eaf00000,0x00000000ebf00000)
  from space 2560K, 99% used [0x00000000ec180000,0x00000000ec3fc030,0x00000000ec400000)
  to   space 2560K, 0% used [0x00000000ebf00000,0x00000000ebf00000,0x00000000ec180000)
 ParOldGen       total 44032K, used 4947K [0x00000000c0c00000, 0x00000000c3700000, 0x00000000eaf00000)
  object space 44032K, 11% used [0x00000000c0c00000,0x00000000c10d4dd0,0x00000000c3700000)
 Metaspace       used 11283K, capacity 11496K, committed 11776K, reserved 1058816K
  class space    used 1416K, capacity 1508K, committed 1536K, reserved 1048576K
}
Event: 2.952 GC heap before
{Heap before GC invocations=5 (full 0):
 PSYoungGen      total 18944K, used 18928K [0x00000000eaf00000, 0x00000000ed400000, 0x0000000100000000)
  eden space 16384K, 100% used [0x00000000eaf00000,0x00000000ebf00000,0x00000000ebf00000)
  from space 2560K, 99% used [0x00000000ec180000,0x00000000ec3fc030,0x00000000ec400000)
  to   space 2560K, 0% used [0x00000000ebf00000,0x00000000ebf00000,0x00000000ec180000)
 ParOldGen       total 44032K, used 4947K [0x00000000c0c00000, 0x00000000c3700000, 0x00000000eaf00000)
  object space 44032K, 11% used [0x00000000c0c00000,0x00000000c10d4dd0,0x00000000c3700000)
 Metaspace       used 13398K, capacity 13642K, committed 13952K, reserved 1060864K
  class space    used 1689K, capacity 1807K, committed 1920K, reserved 1048576K
Event: 2.960 GC heap after
Heap after GC invocations=5 (full 0):
 PSYoungGen      total 18944K, used 2560K [0x00000000eaf00000, 0x00000000eda00000, 0x0000000100000000)
  eden space 16384K, 0% used [0x00000000eaf00000,0x00000000eaf00000,0x00000000ebf00000)
  from space 2560K, 100% used [0x00000000ebf00000,0x00000000ec180000,0x00000000ec180000)
  to   space 5632K, 0% used [0x00000000ed480000,0x00000000ed480000,0x00000000eda00000)
 ParOldGen       total 44032K, used 7316K [0x00000000c0c00000, 0x00000000c3700000, 0x00000000eaf00000)
  object space 44032K, 16% used [0x00000000c0c00000,0x00000000c1325078,0x00000000c3700000)
 Metaspace       used 13398K, capacity 13642K, committed 13952K, reserved 1060864K
  class space    used 1689K, capacity 1807K, committed 1920K, reserved 1048576K
}
Event: 3.915 GC heap before
{Heap before GC invocations=6 (full 0):
 PSYoungGen      total 18944K, used 18944K [0x00000000eaf00000, 0x00000000eda00000, 0x0000000100000000)
  eden space 16384K, 100% used [0x00000000eaf00000,0x00000000ebf00000,0x00000000ebf00000)
  from space 2560K, 100% used [0x00000000ebf00000,0x00000000ec180000,0x00000000ec180000)
  to   space 5632K, 0% used [0x00000000ed480000,0x00000000ed480000,0x00000000eda00000)
 ParOldGen       total 44032K, used 7316K [0x00000000c0c00000, 0x00000000c3700000, 0x00000000eaf00000)
  object space 44032K, 16% used [0x00000000c0c00000,0x00000000c1325078,0x00000000c3700000)
 Metaspace       used 14661K, capacity 14856K, committed 14976K, reserved 1062912K
  class space    used 1809K, capacity 1908K, committed 1920K, reserved 1048576K
Event: 3.931 GC heap after
Heap after GC invocations=6 (full 0):
 PSYoungGen      total 37376K, used 5624K [0x00000000eaf00000, 0x00000000edc00000, 0x0000000100000000)
  eden space 31744K, 0% used [0x00000000eaf00000,0x00000000eaf00000,0x00000000ece00000)
  from space 5632K, 99% used [0x00000000ed480000,0x00000000ed9fe3e0,0x00000000eda00000)
  to   space 6656K, 0% used [0x00000000ece00000,0x00000000ece00000,0x00000000ed480000)
 ParOldGen       total 44032K, used 7429K [0x00000000c0c00000, 0x00000000c3700000, 0x00000000eaf00000)
  object space 44032K, 16% used [0x00000000c0c00000,0x00000000c1341508,0x00000000c3700000)
 Metaspace       used 14661K, capacity 14856K, committed 14976K, reserved 1062912K
  class space    used 1809K, capacity 1908K, committed 1920K, reserved 1048576K
}
Event: 12.755 GC heap before
{Heap before GC invocations=7 (full 0):
 PSYoungGen      total 37376K, used 37368K [0x00000000eaf00000, 0x00000000edc00000, 0x0000000100000000)
  eden space 31744K, 100% used [0x00000000eaf00000,0x00000000ece00000,0x00000000ece00000)
  from space 5632K, 99% used [0x00000000ed480000,0x00000000ed9fe3e0,0x00000000eda00000)
  to   space 6656K, 0% used [0x00000000ece00000,0x00000000ece00000,0x00000000ed480000)
 ParOldGen       total 44032K, used 7429K [0x00000000c0c00000, 0x00000000c3700000, 0x00000000eaf00000)
  object space 44032K, 16% used [0x00000000c0c00000,0x00000000c1341508,0x00000000c3700000)
 Metaspace       used 15057K, capacity 15278K, committed 15616K, reserved 1062912K
  class space    used 1830K, capacity 1941K, committed 2048K, reserved 1048576K
Event: 12.780 GC heap after
Heap after GC invocations=7 (full 0):
 PSYoungGen      total 38400K, used 6640K [0x00000000eaf00000, 0x00000000efe00000, 0x0000000100000000)
  eden space 31744K, 0% used [0x00000000eaf00000,0x00000000eaf00000,0x00000000ece00000)
  from space 6656K, 99% used [0x00000000ece00000,0x00000000ed47c010,0x00000000ed480000)
  to   space 8704K, 0% used [0x00000000ef580000,0x00000000ef580000,0x00000000efe00000)
 ParOldGen       total 44032K, used 9856K [0x00000000c0c00000, 0x00000000c3700000, 0x00000000eaf00000)
  object space 44032K, 22% used [0x00000000c0c00000,0x00000000c15a01f0,0x00000000c3700000)
 Metaspace       used 15057K, capacity 15278K, committed 15616K, reserved 1062912K
  class space    used 1830K, capacity 1941K, committed 2048K, reserved 1048576K
}

Deoptimization events (10 events):
Event: 19.441 Thread 0x0000000000d7e000 Uncommon trap: reason=bimorphic action=maybe_recompile pc=0x0000000002cc19d0 method=java.util.concurrent.ConcurrentHashMap.get(Ljava/lang/Object;)Ljava/lang/Object; @ 149
Event: 19.581 Thread 0x0000000000d7e000 Uncommon trap: reason=null_check action=make_not_entrant pc=0x0000000002f4d08c method=org.apache.maven.model.validation.DefaultModelValidator.validateEffectiveDependency(Lorg/apache/maven/model/building/ModelProblemCollector;Lorg/apache/maven/model/Depend
Event: 21.016 Thread 0x0000000000d7e000 Uncommon trap: reason=class_check action=maybe_recompile pc=0x0000000002ea917c method=java.util.regex.Pattern$7.isSatisfiedBy(I)Z @ 16
Event: 21.016 Thread 0x0000000000d7e000 Uncommon trap: reason=class_check action=maybe_recompile pc=0x0000000002ea917c method=java.util.regex.Pattern$7.isSatisfiedBy(I)Z @ 16
Event: 21.016 Thread 0x0000000000d7e000 Uncommon trap: reason=class_check action=maybe_recompile pc=0x0000000002ea918c method=java.util.regex.Pattern$CharProperty$1.isSatisfiedBy(I)Z @ 5
Event: 21.016 Thread 0x0000000000d7e000 Uncommon trap: reason=class_check action=maybe_recompile pc=0x0000000002ea917c method=java.util.regex.Pattern$7.isSatisfiedBy(I)Z @ 16
Event: 21.016 Thread 0x0000000000d7e000 Uncommon trap: reason=class_check action=maybe_recompile pc=0x0000000002ea917c method=java.util.regex.Pattern$7.isSatisfiedBy(I)Z @ 16
Event: 21.016 Thread 0x0000000000d7e000 Uncommon trap: reason=class_check action=maybe_recompile pc=0x0000000002ea2ab0 method=java.util.regex.Pattern$CharProperty$1.isSatisfiedBy(I)Z @ 5
Event: 21.016 Thread 0x0000000000d7e000 Uncommon trap: reason=class_check action=maybe_recompile pc=0x0000000002ea2ab0 method=java.util.regex.Pattern$CharProperty$1.isSatisfiedBy(I)Z @ 5
Event: 21.017 Thread 0x0000000000d7e000 Uncommon trap: reason=class_check action=maybe_recompile pc=0x0000000002ea2ab0 method=java.util.regex.Pattern$CharProperty$1.isSatisfiedBy(I)Z @ 5

Classes redefined (0 events):
No events

Internal exceptions (10 events):
Event: 2.951 Thread 0x0000000000d7e000 Exception <a 'java/lang/NullPointerException'> (0x00000000ebef6fe0) thrown at [C:\re\workspace\8-2-build-windows-amd64-cygwin\jdk8u202\12323\hotspot\src\share\vm\interpreter\linkResolver.cpp, line 1185]
Event: 2.951 Thread 0x0000000000d7e000 Exception <a 'java/lang/NullPointerException'> (0x00000000ebef71f8) thrown at [C:\re\workspace\8-2-build-windows-amd64-cygwin\jdk8u202\12323\hotspot\src\share\vm\interpreter\linkResolver.cpp, line 1185]
Event: 2.951 Thread 0x0000000000d7e000 Exception <a 'java/lang/NullPointerException'> (0x00000000ebef7410) thrown at [C:\re\workspace\8-2-build-windows-amd64-cygwin\jdk8u202\12323\hotspot\src\share\vm\interpreter\linkResolver.cpp, line 1185]
Event: 3.002 Thread 0x0000000000d7e000 Implicit null exception at 0x0000000002937096 to 0x0000000002937431
Event: 3.002 Thread 0x0000000000d7e000 Implicit null exception at 0x000000000290c919 to 0x000000000290ccdd
Event: 3.333 Thread 0x0000000000d7e000 Implicit null exception at 0x0000000002cec0cd to 0x0000000002ced325
Event: 5.055 Thread 0x0000000000d7e000 Implicit null exception at 0x0000000002e78cef to 0x0000000002e78f31
Event: 7.019 Thread 0x0000000000d7e000 Implicit null exception at 0x0000000002acf8d5 to 0x0000000002acfaa5
Event: 7.019 Thread 0x0000000000d7e000 Implicit null exception at 0x0000000002a9106f to 0x0000000002a910d9
Event: 19.581 Thread 0x0000000000d7e000 Implicit null exception at 0x0000000002f4be14 to 0x0000000002f4d07d

Events (10 events):
Event: 21.016 Thread 0x0000000000d7e000 DEOPT UNPACKING pc=0x000000000275583b sp=0x00000000025ac9f0 mode 2
Event: 21.016 Thread 0x0000000000d7e000 Uncommon trap: trap_request=0xffffffde fr.pc=0x0000000002ea2ab0
Event: 21.016 Thread 0x0000000000d7e000 DEOPT PACKING pc=0x0000000002ea2ab0 sp=0x00000000025ac980
Event: 21.016 Thread 0x0000000000d7e000 DEOPT UNPACKING pc=0x000000000275583b sp=0x00000000025ac920 mode 2
Event: 21.016 Thread 0x0000000000d7e000 Uncommon trap: trap_request=0xffffffde fr.pc=0x0000000002ea2ab0
Event: 21.016 Thread 0x0000000000d7e000 DEOPT PACKING pc=0x0000000002ea2ab0 sp=0x00000000025ac990
Event: 21.017 Thread 0x0000000000d7e000 DEOPT UNPACKING pc=0x000000000275583b sp=0x00000000025ac930 mode 2
Event: 21.017 Thread 0x0000000000d7e000 Uncommon trap: trap_request=0xffffffde fr.pc=0x0000000002ea2ab0
Event: 21.017 Thread 0x0000000000d7e000 DEOPT PACKING pc=0x0000000002ea2ab0 sp=0x00000000025ac990
Event: 21.017 Thread 0x0000000000d7e000 DEOPT UNPACKING pc=0x000000000275583b sp=0x00000000025ac930 mode 2


Dynamic libraries:
0x00007ff7fdb90000 - 0x00007ff7fdbc7000 	C:\Program Files (x86)\Common Files\Oracle\Java\javapath\java.exe
0x00007ffccf510000 - 0x00007ffccf6bd000 	C:\WINDOWS\SYSTEM32\ntdll.dll
0x00007ffccedd0000 - 0x00007ffccef0e000 	C:\WINDOWS\system32\KERNEL32.DLL
0x00007ffccc9a0000 - 0x00007ffcccab6000 	C:\WINDOWS\system32\KERNELBASE.dll
0x00007ffccb210000 - 0x00007ffccb29e000 	C:\WINDOWS\system32\apphelp.dll
0x00007ffcc1cf0000 - 0x00007ffcc1d44000 	C:\WINDOWS\AppPatch\AppPatch64\AcGenral.DLL
0x00007ffcce750000 - 0x00007ffcce7fa000 	C:\WINDOWS\system32\msvcrt.dll
0x00007ffcccac0000 - 0x00007ffcccaee000 	C:\WINDOWS\system32\SspiCli.dll
0x00007ffcceb90000 - 0x00007ffccebe4000 	C:\WINDOWS\system32\SHLWAPI.dll
0x00007ffccf380000 - 0x00007ffccf4f7000 	C:\WINDOWS\system32\USER32.dll
0x00007ffccf130000 - 0x00007ffccf2c4000 	C:\WINDOWS\system32\ole32.dll
0x00007ffcccff0000 - 0x00007ffcce51b000 	C:\WINDOWS\system32\SHELL32.dll
0x00007ffccbbf0000 - 0x00007ffccbc11000 	C:\WINDOWS\SYSTEM32\USERENV.dll
0x00007ffccccf0000 - 0x00007ffcccd9a000 	C:\WINDOWS\system32\ADVAPI32.dll
0x00007ffcbf280000 - 0x00007ffcbf29e000 	C:\WINDOWS\SYSTEM32\MPR.dll
0x00007ffccea50000 - 0x00007ffcceb90000 	C:\WINDOWS\system32\RPCRT4.dll
0x00007ffccef10000 - 0x00007ffccef69000 	C:\WINDOWS\SYSTEM32\sechost.dll
0x00007ffcce540000 - 0x00007ffcce750000 	C:\WINDOWS\SYSTEM32\combase.dll
0x00007ffcccba0000 - 0x00007ffccccec000 	C:\WINDOWS\system32\GDI32.dll
0x00007ffccc640000 - 0x00007ffccc655000 	C:\WINDOWS\SYSTEM32\profapi.dll
0x00007ffcca560000 - 0x00007ffcca612000 	C:\WINDOWS\SYSTEM32\SHCORE.dll
0x00007ffccf340000 - 0x00007ffccf376000 	C:\WINDOWS\system32\IMM32.DLL
0x00007ffccce70000 - 0x00007ffcccfc1000 	C:\WINDOWS\system32\MSCTF.dll
0x00007ffcc9520000 - 0x00007ffcc979a000 	C:\WINDOWS\WinSxS\amd64_microsoft.windows.common-controls_6595b64144ccf1df_6.0.9600.17810_none_6240b9c7ecbd0bda\COMCTL32.dll
0x0000000073be0000 - 0x0000000073cb2000 	C:\Program Files\Java\jre1.8.0_202\bin\msvcr100.dll
0x0000000074650000 - 0x0000000074ef5000 	C:\Program Files\Java\jre1.8.0_202\bin\server\jvm.dll
0x00007ffcc4a50000 - 0x00007ffcc4a59000 	C:\WINDOWS\SYSTEM32\WSOCK32.dll
0x00007ffcc4af0000 - 0x00007ffcc4b12000 	C:\WINDOWS\SYSTEM32\WINMM.dll
0x00007ffcca230000 - 0x00007ffcca23a000 	C:\WINDOWS\SYSTEM32\VERSION.dll
0x00007ffccf500000 - 0x00007ffccf507000 	C:\WINDOWS\system32\PSAPI.DLL
0x00007ffccf2d0000 - 0x00007ffccf32a000 	C:\WINDOWS\system32\WS2_32.dll
0x00007ffcc4ac0000 - 0x00007ffcc4aea000 	C:\WINDOWS\SYSTEM32\WINMMBASE.dll
0x00007ffcccfe0000 - 0x00007ffcccfe9000 	C:\WINDOWS\system32\NSI.dll
0x00007ffccc710000 - 0x00007ffccc75f000 	C:\WINDOWS\SYSTEM32\cfgmgr32.dll
0x00007ffccb450000 - 0x00007ffccb478000 	C:\WINDOWS\SYSTEM32\DEVOBJ.dll
0x00007ffcc6f40000 - 0x00007ffcc6f4f000 	C:\Program Files\Java\jre1.8.0_202\bin\verify.dll
0x00007ffcbf9f0000 - 0x00007ffcbfa19000 	C:\Program Files\Java\jre1.8.0_202\bin\java.dll
0x00007ffcbf940000 - 0x00007ffcbf956000 	C:\Program Files\Java\jre1.8.0_202\bin\zip.dll
0x00007ffcc1e40000 - 0x00007ffcc1e4a000 	E:\apache-maven-3.6.0-bin\apache-maven-3.6.0\lib\jansi-native\windows64\jansi.dll
0x00007ffcbf870000 - 0x00007ffcbf88a000 	C:\Program Files\Java\jre1.8.0_202\bin\net.dll
0x00007ffcc6b10000 - 0x00007ffcc6c98000 	C:\WINDOWS\SYSTEM32\urlmon.dll
0x00007ffcc6570000 - 0x00007ffcc683a000 	C:\WINDOWS\SYSTEM32\iertutil.dll
0x00007ffcc60c0000 - 0x00007ffcc656c000 	C:\WINDOWS\SYSTEM32\WININET.dll
0x00007ffccc2d0000 - 0x00007ffccc329000 	C:\WINDOWS\system32\mswsock.dll
0x00007ffcbf510000 - 0x00007ffcbf522000 	C:\Program Files\Java\jre1.8.0_202\bin\nio.dll

VM Arguments:
jvm_args: -Dclassworlds.conf=E:\apache-maven-3.6.0-bin\apache-maven-3.6.0\bin\..\bin\m2.conf -Dmaven.home=E:\apache-maven-3.6.0-bin\apache-maven-3.6.0\bin\.. -Dlibrary.jansi.path=E:\apache-maven-3.6.0-bin\apache-maven-3.6.0\bin\..\lib\jansi-native -Dmaven.multiModuleProjectDirectory=E:\shopping-cart 
java_command: org.codehaus.plexus.classworlds.launcher.Launcher clean install
java_class_path (initial): E:\apache-maven-3.6.0-bin\apache-maven-3.6.0\bin\..\boot\plexus-classworlds-2.5.2.jar
Launcher Type: SUN_STANDARD

Environment Variables:
PATH=C:\Program Files (x86)\Common Files\Oracle\Java\javapath;C:\Program Files (x86)\Intel\iCLS Client\;C:\Program Files\Intel\iCLS Client\;C:\Program Files (x86)\AMD APP\bin\x86_64;C:\Program Files (x86)\AMD APP\bin\x86;C:\WINDOWS\system32;C:\WINDOWS;C:\WINDOWS\System32\Wbem;C:\WINDOWS\System32\WindowsPowerShell\v1.0\;C:\Program Files (x86)\ATI Technologies\ATI.ACE\Core-Static;C:\Program Files\Intel\Intel(R) Management Engine Components\DAL;C:\Program Files\Intel\Intel(R) Management Engine Components\IPT;C:\Program Files (x86)\Intel\Intel(R) Management Engine Components\DAL;C:\Program Files (x86)\Intel\Intel(R) Management Engine Components\IPT;\;C:\Program Files (x86)\Sony\VAIO Startup Setting Tool;C:\Program Files\Java\jdk1.8.0_202;E:\apache-maven-3.6.0-bin\apache-maven-3.6.0\bin;
USERNAME=Ayushi
OS=Windows_NT
PROCESSOR_IDENTIFIER=Intel64 Family 6 Model 58 Stepping 9, GenuineIntel



---------------  S Y S T E M  ---------------

OS: Windows 8.1 , 64 bit Build 9600 (6.3.9600.17415)

CPU:total 4 (initial active 4) (2 cores per cpu, 2 threads per core) family 6 model 58 stepping 9, cmov, cx8, fxsr, mmx, sse, sse2, sse3, ssse3, sse4.1, sse4.2, popcnt, avx, aes, clmul, erms, ht, tsc, tscinvbit, tscinv

Memory: 4k page, physical 4140316k(804196k free), swap 16723228k(4664k free)

vm_info: Java HotSpot(TM) 64-Bit Server VM (25.202-b08) for windows-amd64 JRE (1.8.0_202-b08), built on Dec 15 2018 19:54:30 by "java_re" with MS VC++ 10.0 (VS2010)

time: Sun Mar 31 22:21:14 2019
timezone: India Standard Time
elapsed time: 22 seconds (0d 0h 0m 22s)

